in rm(164) 72 164 981
set 72->next 981
set 981->previous 72

in rm(373) 649 373 358
set 649->next 358
set 358->previous 649

in rm(858) 793 858 151
set 793->next 151
set 151->previous 793

in rm(45) 890 45 799
set 890->next 799
set 799->previous 890

in rm(263) 71 263 197
set 71->next 197
set 197->previous 71

in rm(619) 954 619 621
set 954->next 621
set 621->previous 954

in rm(709) 713 709 247
set 713->next 247
set 247->previous 713

in rm(925) 555 925 278
set 555->next 278
set 278->previous 555

in rm(450) 599 450 125
set 599->next 125
set 125->previous 599

in rm(949) 848 949 117
set 848->next 117
set 117->previous 848

in rm(700) 234 700 38
set 234->next 38
set 38->previous 234

in rm(986) 168 986 823
set 168->next 823
set 823->previous 168

in rm(269) 400 269 507
set 400->next 507
set 507->previous 400

in rm(407) 476 407 590
set 476->next 590
set 590->previous 476

in rm(904) 516 904 939
set 516->next 939
set 939->previous 516

in rm(643) 205 643 213
set 205->next 213
set 213->previous 205

in rm(387) 852 387 488
set 852->next 488
set 488->previous 852

in rm(592) 350 592 385
set 350->next 385
set 385->previous 350

in rm(973) 984 973 663
set 984->next 663
set 663->previous 984

in rm(176) 800 176 887
set 800->next 887
set 887->previous 800

in rm(259) 653 259 34
set 653->next 34
set 34->previous 653

in rm(513) 371 513 209
set 371->next 209
set 209->previous 371

in rm(170) 895 170 107
set 895->next 107
set 107->previous 895

in rm(553) 201 553 541
set 201->next 541
set 541->previous 201

in rm(562) 266 562 372
set 266->next 372
set 372->previous 266

in rm(400) 316 400 507
set 316->next 507
set 507->previous 316

in rm(42) 230 42 690
set 230->next 690
set 690->previous 230

in rm(891) 107 891 725
set 107->next 725
set 725->previous 107

in rm(480) 239 480 403
set 239->next 403
set 403->previous 239

in rm(180) 297 180 782
set 297->next 782
set 782->previous 297

in rm(95) 383 95 788
set 383->next 788
set 788->previous 383

in rm(456) 875 456 994
set 875->next 994
set 994->previous 875

in rm(930) 132 930 137
set 132->next 137
set 137->previous 132

in rm(394) 58 394 689
set 58->next 689
set 689->previous 58

in rm(916) 29 916 739
set 29->next 739
set 739->previous 29

in rm(635) 673 635 370
set 673->next 370
set 370->previous 673

in rm(156) 41 156 804
set 41->next 804
set 804->previous 41

in rm(740) 503 740 830
set 503->next 830
set 830->previous 503

in rm(975) 275 975 236
set 275->next 236
set 236->previous 275

in rm(24) 809 24 371
set 809->next 371
set 371->previous 809

in rm(250) 253 250 601
set 253->next 601
set 601->previous 253

in rm(155) 601 155 114
set 601->next 114
set 114->previous 601

in rm(592) 350 592 385
set 350->next 385
set 385->previous 350

in rm(120) 717 120 473
set 717->next 473
set 473->previous 717

in rm(793) 756 793 151
set 756->next 151
set 151->previous 756

in rm(761) 531 761 567
set 531->next 567
set 567->previous 531

in rm(638) 124 638 654
set 124->next 654
set 654->previous 124

in rm(157) 390 157 572
set 390->next 572
set 572->previous 390

in rm(709) 713 709 247
set 713->next 247
set 247->previous 713

in rm(247) 713 247 471
set 713->next 471
set 471->previous 713

in rm(514) 65 514 86
set 65->next 86
set 86->previous 65

in rm(398) 781 398 409
set 781->next 409
set 409->previous 781

in rm(736) 87 736 593
set 87->next 593
set 593->previous 87

in rm(432) 149 432 813
set 149->next 813
set 813->previous 149

in rm(308) 699 308 581
set 699->next 581
set 581->previous 699

in rm(62) 731 62 83
set 731->next 83
set 83->previous 731

in rm(32) 614 32 554
set 614->next 554
set 554->previous 614

in rm(572) 390 572 735
set 390->next 735
set 735->previous 390

in rm(917) 835 917 67
set 835->next 67
set 67->previous 835

in rm(221) 578 221 128
set 578->next 128
set 128->previous 578

in rm(690) 230 690 657
set 230->next 657
set 657->previous 230

in rm(361) 499 361 29
set 499->next 29
set 29->previous 499

in rm(388) 940 388 110
set 940->next 110
set 110->previous 940

in rm(418) 738 418 533
set 738->next 533
set 533->previous 738

in rm(790) 404 790 123
set 404->next 123
set 123->previous 404

in rm(710) 152 710 223
set 152->next 223
set 223->previous 152

in rm(975) 275 975 236
set 275->next 236
set 236->previous 275

in rm(768) 693 768 810
set 693->next 810
set 810->previous 693

in rm(305) 886 305 295
set 886->next 295
set 295->previous 886

in rm(508) 115 508 8
set 115->next 8
set 8->previous 115

in rm(679) 392 679 796
set 392->next 796
set 796->previous 392

in rm(11) 25 11 881
set 25->next 881
set 881->previous 25

in rm(532) 593 532 993
set 593->next 993
set 993->previous 593

in rm(50) 833 50 778
set 833->next 778
set 778->previous 833

in rm(801) 515 801 575
set 515->next 575
set 575->previous 515

in rm(698) 692 698 794
set 692->next 794
set 794->previous 692

in rm(284) 412 284 991
set 412->next 991
set 991->previous 412

in rm(331) 255 331 307
set 255->next 307
set 307->previous 255

in rm(991) 412 991 244
set 412->next 244
set 244->previous 412

in rm(976) 556 976 60
set 556->next 60
set 60->previous 556

in rm(288) 434 288 733
set 434->next 733
set 733->previous 434

in rm(758) 571 758 491
set 571->next 491
set 491->previous 571

in rm(778) 833 778 818
set 833->next 818
set 818->previous 833

in rm(563) 457 563 874
set 457->next 874
set 874->previous 457

in rm(246) 624 246 933
set 624->next 933
set 933->previous 624

in rm(72) 671 72 981
set 671->next 981
set 981->previous 671

in rm(892) 471 892 136
set 471->next 136
set 136->previous 471

in rm(875) 878 875 994
set 878->next 994
set 994->previous 878

in rm(279) 133 279 703
set 133->next 703
set 703->previous 133

in rm(114) 601 114 632
set 601->next 632
set 632->previous 601

in rm(405) 722 405 306
set 722->next 306
set 306->previous 722

in rm(582) 650 582 232
set 650->next 232
set 232->previous 650

in rm(831) 36 831 716
set 36->next 716
set 716->previous 36

in rm(634) 739 634 754
set 739->next 754
set 754->previous 739

in rm(932) 665 932 245
set 665->next 245
set 245->previous 665

in rm(871) 121 871 597
set 121->next 597
set 597->previous 121

in rm(368) 162 368 134
set 162->next 134
set 134->previous 162

in rm(410) 881 410 495
set 881->next 495
set 495->previous 881

in rm(496) 375 496 46
set 375->next 46
set 46->previous 375

in rm(479) 203 479 603
set 203->next 603
set 603->previous 203

in rm(579) 990 579 953
set 990->next 953
set 953->previous 990

in rm(682) 913 682 534
set 913->next 534
set 534->previous 913

in rm(769) 959 769 701
set 959->next 701
set 701->previous 959

in rm(738) 386 738 533
set 386->next 533
set 533->previous 386

in rm(162) 530 162 134
set 530->next 134
set 134->previous 530

in rm(314) 159 314 807
set 159->next 807
set 807->previous 159

in rm(420) 444 420 462
set 444->next 462
set 462->previous 444

in rm(12) 999 12 492
set 999->next 492
set 492->previous 999

in rm(916) 29 916 739
set 29->next 739
set 739->previous 29

in rm(159) 134 159 807
set 134->next 807
set 807->previous 134

in rm(259) 653 259 34
set 653->next 34
set 34->previous 653

in rm(872) 955 872 457
set 955->next 457
set 457->previous 955

in rm(481) 341 481 772
set 341->next 772
set 772->previous 341

in rm(783) 200 783 66
set 200->next 66
set 66->previous 200

in rm(925) 555 925 278
set 555->next 278
set 278->previous 555

in rm(217) 70 217 805
set 70->next 805
set 805->previous 70

in rm(235) 708 235 902
set 708->next 902
set 902->previous 708

in rm(124) 319 124 654
set 319->next 654
set 654->previous 319

in rm(287) 424 287 515
set 424->next 515
set 515->previous 424

in rm(372) 266 372 3
set 266->next 3
set 3->previous 266

in rm(803) 229 803 840
set 229->next 840
set 840->previous 229

in rm(794) 692 794 615
set 692->next 615
set 615->previous 692

in rm(922) 298 922 289
set 298->next 289
set 289->previous 298

in rm(849) 773 849 900
set 773->next 900
set 900->previous 773

in rm(192) 315 192 91
set 315->next 91
set 91->previous 315

in rm(385) 350 385 108
set 350->next 108
set 108->previous 350

in rm(45) 890 45 799
set 890->next 799
set 799->previous 890

in rm(255) 771 255 307
set 771->next 307
set 307->previous 771

in rm(425) 507 425 15
set 507->next 15
set 15->previous 507

in rm(548) 880 548 22
set 880->next 22
set 22->previous 880

in rm(633) 77 633 580
set 77->next 580
set 580->previous 77

in rm(147) 327 147 300
set 327->next 300
set 300->previous 327

in rm(371) 809 371 209
set 809->next 209
set 209->previous 809

in rm(346) 786 346 185
set 786->next 185
set 185->previous 786

in rm(436) 158 436 764
set 158->next 764
set 764->previous 158

in rm(860) 233 860 116
set 233->next 116
set 116->previous 233

in rm(515) 424 515 575
set 424->next 575
set 575->previous 424

in rm(612) 251 612 908
set 251->next 908
set 908->previous 251

in rm(364) 630 364 937
set 630->next 937
set 937->previous 630

in rm(129) 586 129 829
set 586->next 829
set 829->previous 586

in rm(698) 692 698 794
set 692->next 794
set 794->previous 692

in rm(213) 205 213 999
set 205->next 999
set 999->previous 205

in rm(422) 90 422 943
set 90->next 943
set 943->previous 90

in rm(932) 665 932 245
set 665->next 245
set 245->previous 665

in rm(789) 933 789 836
set 933->next 836
set 836->previous 933

in rm(33) 678 33 775
set 678->next 775
set 775->previous 678

in rm(565) 100 565 666
set 100->next 666
set 666->previous 100

in rm(600) 63 600 262
set 63->next 262
set 262->previous 63

in rm(635) 673 635 370
set 673->next 370
set 370->previous 673

in rm(712) 37 712 63
set 37->next 63
set 63->previous 37

in rm(305) 886 305 295
set 886->next 295
set 295->previous 886

in rm(310) 604 310 468
set 604->next 468
set 468->previous 604

in rm(425) 507 425 15
set 507->next 15
set 15->previous 507

in rm(942) 52 942 274
set 52->next 274
set 274->previous 52

in rm(275) 774 275 236
set 774->next 236
set 236->previous 774

in rm(598) 488 598 376
set 488->next 376
set 376->previous 488

in rm(502) 982 502 797
set 982->next 797
set 797->previous 982

in rm(933) 624 933 836
set 624->next 836
set 836->previous 624

in rm(55) 978 55 866
set 978->next 866
set 866->previous 978

in rm(729) 855 729 51
set 855->next 51
set 51->previous 855

in rm(233) 80 233 116
set 80->next 116
set 116->previous 80

in rm(12) 999 12 492
set 999->next 492
set 492->previous 999

in rm(173) 874 173 564
set 874->next 564
set 564->previous 874

in rm(832) 59 832 959
set 59->next 959
set 959->previous 59

in rm(293) 451 293 962
set 451->next 962
set 962->previous 451

in rm(140) 907 140 342
set 907->next 342
set 342->previous 907

in rm(107) 895 107 725
set 895->next 725
set 725->previous 895

in rm(792) 199 792 876
set 199->next 876
set 876->previous 199

in rm(342) 907 342 57
set 907->next 57
set 57->previous 907

in rm(853) 696 853 934
set 696->next 934
set 934->previous 696

in rm(344) 274 344 625
set 274->next 625
set 625->previous 274

in rm(710) 152 710 223
set 152->next 223
set 223->previous 152

in rm(372) 266 372 3
set 266->next 3
set 3->previous 266

in rm(629) 382 629 516
set 382->next 516
set 516->previous 382

in rm(11) 25 11 881
set 25->next 881
set 881->previous 25

in rm(204) 228 204 189
set 228->next 189
set 189->previous 228

in rm(56) 941 56 744
set 941->next 744
set 744->previous 941

in rm(340) 104 340 90
set 104->next 90
set 90->previous 104

in rm(972) 370 972 381
set 370->next 381
set 381->previous 370

in rm(854) 863 854 511
set 863->next 511
set 511->previous 863

in rm(751) 202 751 907
set 202->next 907
set 907->previous 202

in rm(846) 559 846 442
set 559->next 442
set 442->previous 559

in rm(958) 937 958 604
set 937->next 604
set 604->previous 937

in rm(852) 146 852 488
set 146->next 488
set 488->previous 146

in rm(523) 718 523 304
set 718->next 304
set 304->previous 718

in rm(772) 341 772 509
set 341->next 509
set 509->previous 341

in rm(247) 713 247 471
set 713->next 471
set 471->previous 713

in rm(580) 77 580 64
set 77->next 64
set 64->previous 77

in rm(560) 333 560 762
set 333->next 762
set 762->previous 333

in rm(676) 545 676 395
set 545->next 395
set 395->previous 545

in rm(247) 713 247 471
set 713->next 471
set 471->previous 713

in rm(169) 697 169 230
set 697->next 230
set 230->previous 697

in rm(562) 266 562 372
set 266->next 372
set 372->previous 266

in rm(144) 477 144 868
set 477->next 868
set 868->previous 477

in rm(452) 240 452 771
set 240->next 771
set 771->previous 240

in rm(424) 829 424 575
set 829->next 575
set 575->previous 829

in rm(142) 151 142 447
set 151->next 447
set 447->previous 151

in rm(84) 703 84 348
set 703->next 348
set 348->previous 703

in rm(936) 777 936 417
set 777->next 417
set 417->previous 777

in rm(981) 671 981 434
set 671->next 434
set 434->previous 671

in rm(496) 375 496 46
set 375->next 46
set 46->previous 375

in rm(179) 914 179 957
set 914->next 957
set 957->previous 914

in rm(829) 586 829 575
set 586->next 575
set 575->previous 586

in rm(349) 153 349 231
set 153->next 231
set 231->previous 153

in rm(821) 20 821 19
set 20->next 19
set 19->previous 20

in rm(293) 451 293 962
set 451->next 962
set 962->previous 451

in rm(150) 322 150 347
set 322->next 347
set 347->previous 322

in rm(49) 270 49 519
set 270->next 519
set 519->previous 270

in rm(79) 816 79 355
set 816->next 355
set 355->previous 816

in rm(93) 888 93 366
set 888->next 366
set 366->previous 888

in rm(354) 845 354 132
set 845->next 132
set 132->previous 845

in rm(247) 713 247 471
set 713->next 471
set 471->previous 713

in rm(914) 754 914 957
set 754->next 957
set 957->previous 754

in rm(968) 497 968 786
set 497->next 786
set 786->previous 497

in rm(242) 482 242 363
set 482->next 363
set 363->previous 482

in rm(874) 457 874 564
set 457->next 564
set 564->previous 457

in rm(154) 766 154 166
set 766->next 166
set 166->previous 766

in rm(264) 358 264 504
set 358->next 504
set 504->previous 358

in rm(597) 121 597 449
set 121->next 449
set 449->previous 121

in rm(382) 727 382 516
set 727->next 516
set 516->previous 727

in rm(783) 200 783 66
set 200->next 66
set 66->previous 200

in rm(466) 899 466 214
set 899->next 214
set 214->previous 899

in rm(766) 993 766 166
set 993->next 166
set 166->previous 993

in rm(507) 316 507 15
set 316->next 15
set 15->previous 316

in rm(480) 239 480 403
set 239->next 403
set 403->previous 239

in rm(744) 941 744 982
set 941->next 982
set 982->previous 941

in rm(994) 878 994 77
set 878->next 77
set 77->previous 878

in rm(517) 487 517 806
set 487->next 806
set 806->previous 487

in rm(839) 666 839 497
set 666->next 497
set 497->previous 666

in rm(66) 200 66 525
set 200->next 525
set 525->previous 200

in rm(705) 403 705 27
set 403->next 27
set 27->previous 403

in rm(626) 808 626 384
set 808->next 384
set 384->previous 808

in rm(151) 756 151 447
set 756->next 447
set 447->previous 756

in rm(203) 785 203 603
set 785->next 603
set 603->previous 785

in rm(488) 146 488 376
set 146->next 376
set 376->previous 146

in rm(366) 888 366 386
set 888->next 386
set 386->previous 888

in rm(993) 593 993 166
set 593->next 166
set 166->previous 593

in rm(933) 624 933 836
set 624->next 836
set 836->previous 624

in rm(159) 134 159 807
set 134->next 807
set 807->previous 134

in rm(735) 390 735 910
set 390->next 910
set 910->previous 390

in rm(459) 570 459 237
set 570->next 237
set 237->previous 570

in rm(34) 653 34 240
set 653->next 240
set 240->previous 653

in rm(973) 984 973 663
set 984->next 663
set 663->previous 984

in rm(457) 955 457 564
set 955->next 564
set 564->previous 955

in rm(284) 412 284 991
set 412->next 991
set 991->previous 412

in rm(144) 477 144 868
set 477->next 868
set 868->previous 477

in rm(234) 636 234 38
set 636->next 38
set 38->previous 636

in rm(471) 713 471 136
set 713->next 136
set 136->previous 713

in rm(481) 341 481 772
set 341->next 772
set 772->previous 341

in rm(91) 315 91 723
set 315->next 723
set 723->previous 315

in rm(484) 815 484 622
set 815->next 622
set 622->previous 815

in rm(594) 96 594 378
set 96->next 378
set 378->previous 96

in rm(680) 657 680 921
set 657->next 921
set 921->previous 657

in rm(333) 9 333 762
set 9->next 762
set 762->previous 9

in rm(746) 714 746 774
set 714->next 774
set 774->previous 714

in rm(36) 209 36 716
set 209->next 716
set 716->previous 209

in rm(548) 880 548 22
set 880->next 22
set 22->previous 880

in rm(205) 862 205 999
set 862->next 999
set 999->previous 862

in rm(268) 267 268 9
set 267->next 9
set 9->previous 267

in rm(753) 294 753 998
set 294->next 998
set 998->previous 294

in rm(353) 222 353 927
set 222->next 927
set 927->previous 222

in rm(62) 731 62 83
set 731->next 83
set 83->previous 731

in rm(670) 374 670 741
set 374->next 741
set 741->previous 374

in rm(294) 627 294 998
set 627->next 998
set 998->previous 627

in rm(276) 369 276 822
set 369->next 822
set 822->previous 369

in rm(417) 777 417 983
set 777->next 983
set 983->previous 777

in rm(80) 145 80 116
set 145->next 116
set 116->previous 145

in rm(843) 675 843 215
set 675->next 215
set 215->previous 675

in rm(869) 312 869 71
set 312->next 71
set 71->previous 312

in rm(571) 841 571 491
set 841->next 491
set 491->previous 841

in rm(728) 541 728 864
set 541->next 864
set 864->previous 541

in rm(464) 857 464 623
set 857->next 623
set 623->previous 857

in rm(78) 83 78 770
set 83->next 770
set 770->previous 83

in rm(318) 952 318 92
set 952->next 92
set 92->previous 952

in rm(341) 472 341 772
set 472->next 772
set 772->previous 472

in rm(989) 277 989 187
set 277->next 187
set 187->previous 277

in rm(920) 18 920 650
set 18->next 650
set 650->previous 18

in rm(287) 424 287 515
set 424->next 515
set 515->previous 424

in rm(215) 675 215 661
set 675->next 661
set 661->previous 675

in rm(463) 408 463 327
set 408->next 327
set 327->previous 408

in rm(219) 960 219 841
set 960->next 841
set 841->previous 960

in rm(429) 645 429 135
set 645->next 135
set 135->previous 645

in rm(260) 301 260 59
set 301->next 59
set 59->previous 301

in rm(237) 570 237 557
set 570->next 557
set 557->previous 570

in rm(446) 695 446 138
set 695->next 138
set 138->previous 695

in rm(27) 403 27 191
set 403->next 191
set 191->previous 403

in rm(968) 497 968 786
set 497->next 786
set 786->previous 497

in rm(443) 426 443 406
set 426->next 406
set 406->previous 426

in rm(423) 328 423 765
set 328->next 765
set 765->previous 328

in rm(827) 393 827 184
set 393->next 184
set 184->previous 393

in rm(199) 7 199 876
set 7->next 876
set 876->previous 7

in rm(387) 852 387 488
set 852->next 488
set 488->previous 852

in rm(926) 838 926 641
set 838->next 641
set 641->previous 838

in rm(470) 414 470 183
set 414->next 183
set 183->previous 414

in rm(914) 754 914 957
set 754->next 957
set 957->previous 754

in rm(267) 281 267 9
set 281->next 9
set 9->previous 281

in rm(801) 515 801 575
set 515->next 575
set 575->previous 515

in rm(156) 41 156 804
set 41->next 804
set 804->previous 41

in rm(870) 348 870 941
set 348->next 941
set 941->previous 348

in rm(690) 230 690 657
set 230->next 657
set 657->previous 230

in rm(977) 805 977 911
set 805->next 911
set 911->previous 805

in rm(558) 587 558 10
set 587->next 10
set 10->previous 587

in rm(486) 830 486 200
set 830->next 200
set 200->previous 830

in rm(107) 895 107 725
set 895->next 725
set 725->previous 895

in rm(582) 650 582 232
set 650->next 232
set 232->previous 650

in rm(710) 152 710 223
set 152->next 223
set 223->previous 152

in rm(437) 759 437 485
set 759->next 485
set 485->previous 759

in rm(102) 323 102 722
set 323->next 722
set 722->previous 323

in rm(730) 935 730 14
set 935->next 14
set 14->previous 935

in rm(512) 741 512 537
set 741->next 537
set 537->previous 741

in rm(659) 165 659 745
set 165->next 745
set 745->previous 165

in rm(774) 714 774 236
set 714->next 236
set 236->previous 714

in rm(797) 982 797 726
set 982->next 726
set 726->previous 982

in rm(727) 474 727 516
set 474->next 516
set 516->previous 474

in rm(549) 380 549 639
set 380->next 639
set 639->previous 380

in rm(243) 468 243 551
set 468->next 551
set 551->previous 468

in rm(839) 666 839 497
set 666->next 497
set 497->previous 666

in rm(639) 380 639 984
set 380->next 984
set 984->previous 380

in rm(96) 550 96 378
set 550->next 378
set 378->previous 550

in rm(185) 786 185 591
set 786->next 591
set 591->previous 786

in rm(383) 238 383 788
set 238->next 788
set 788->previous 238

in rm(297) 278 297 782
set 278->next 782
set 782->previous 278

in rm(761) 531 761 567
set 531->next 567
set 567->previous 531

in rm(445) 535 445 784
set 535->next 784
set 784->previous 535

in rm(528) 566 528